[30-Oct-2024 04:27:39 UTC] PHP Fatal error:  Cannot redeclare cap_auth_user_register_shortcode() (previously declared in /home/u629237220/domains/forestgreen-dragonfly-892615.hostingersite.com/public_html/wp-content/plugins/custom-auth/includes/register.php:5) in /home/u629237220/domains/forestgreen-dragonfly-892615.hostingersite.com/public_html/wp-content/plugins/custom-auth/includes/register.php on line 142
[30-Oct-2024 04:34:58 UTC] Admin ID in URL: 2
[30-Oct-2024 04:34:58 UTC] User with ID 2 is not an administrator.
[30-Oct-2024 04:39:11 UTC] Admin ID in URL: 2
[30-Oct-2024 04:39:11 UTC] User with ID 2 is not an administrator.
[30-Oct-2024 04:50:52 UTC] PHP Warning:  Undefined property: stdClass::$target in /home/u629237220/domains/forestgreen-dragonfly-892615.hostingersite.com/public_html/wp-includes/class-walker-nav-menu.php on line 218
[30-Oct-2024 04:50:52 UTC] PHP Warning:  Undefined property: stdClass::$xfn in /home/u629237220/domains/forestgreen-dragonfly-892615.hostingersite.com/public_html/wp-includes/class-walker-nav-menu.php on line 221
[30-Oct-2024 04:50:52 UTC] PHP Warning:  Undefined property: stdClass::$current in /home/u629237220/domains/forestgreen-dragonfly-892615.hostingersite.com/public_html/wp-includes/class-walker-nav-menu.php on line 234
[30-Oct-2024 04:51:50 UTC] PHP Warning:  Undefined property: stdClass::$target in /home/u629237220/domains/forestgreen-dragonfly-892615.hostingersite.com/public_html/wp-includes/class-walker-nav-menu.php on line 218
[30-Oct-2024 04:51:50 UTC] PHP Warning:  Undefined property: stdClass::$xfn in /home/u629237220/domains/forestgreen-dragonfly-892615.hostingersite.com/public_html/wp-includes/class-walker-nav-menu.php on line 221
[30-Oct-2024 04:51:50 UTC] PHP Warning:  Undefined property: stdClass::$current in /home/u629237220/domains/forestgreen-dragonfly-892615.hostingersite.com/public_html/wp-includes/class-walker-nav-menu.php on line 234
[30-Oct-2024 04:57:05 UTC] PHP Warning:  Undefined property: stdClass::$target in /home/u629237220/domains/forestgreen-dragonfly-892615.hostingersite.com/public_html/wp-includes/class-walker-nav-menu.php on line 218
[30-Oct-2024 04:57:05 UTC] PHP Warning:  Undefined property: stdClass::$xfn in /home/u629237220/domains/forestgreen-dragonfly-892615.hostingersite.com/public_html/wp-includes/class-walker-nav-menu.php on line 221
[30-Oct-2024 04:57:05 UTC] PHP Warning:  Undefined property: stdClass::$current in /home/u629237220/domains/forestgreen-dragonfly-892615.hostingersite.com/public_html/wp-includes/class-walker-nav-menu.php on line 234
[30-Oct-2024 05:06:29 UTC] PHP Warning:  Undefined property: stdClass::$target in /home/u629237220/domains/forestgreen-dragonfly-892615.hostingersite.com/public_html/wp-includes/class-walker-nav-menu.php on line 218
[30-Oct-2024 05:06:29 UTC] PHP Warning:  Undefined property: stdClass::$xfn in /home/u629237220/domains/forestgreen-dragonfly-892615.hostingersite.com/public_html/wp-includes/class-walker-nav-menu.php on line 221
[30-Oct-2024 05:06:29 UTC] PHP Warning:  Undefined property: stdClass::$current in /home/u629237220/domains/forestgreen-dragonfly-892615.hostingersite.com/public_html/wp-includes/class-walker-nav-menu.php on line 234
[30-Oct-2024 05:09:00 UTC] PHP Warning:  Undefined property: stdClass::$target in /home/u629237220/domains/forestgreen-dragonfly-892615.hostingersite.com/public_html/wp-includes/class-walker-nav-menu.php on line 218
[30-Oct-2024 05:09:00 UTC] PHP Warning:  Undefined property: stdClass::$xfn in /home/u629237220/domains/forestgreen-dragonfly-892615.hostingersite.com/public_html/wp-includes/class-walker-nav-menu.php on line 221
[30-Oct-2024 05:09:00 UTC] PHP Warning:  Undefined property: stdClass::$current in /home/u629237220/domains/forestgreen-dragonfly-892615.hostingersite.com/public_html/wp-includes/class-walker-nav-menu.php on line 234
[30-Oct-2024 05:09:17 UTC] PHP Warning:  Undefined property: stdClass::$target in /home/u629237220/domains/forestgreen-dragonfly-892615.hostingersite.com/public_html/wp-includes/class-walker-nav-menu.php on line 218
[30-Oct-2024 05:09:17 UTC] PHP Warning:  Undefined property: stdClass::$xfn in /home/u629237220/domains/forestgreen-dragonfly-892615.hostingersite.com/public_html/wp-includes/class-walker-nav-menu.php on line 221
[30-Oct-2024 05:09:17 UTC] PHP Warning:  Undefined property: stdClass::$current in /home/u629237220/domains/forestgreen-dragonfly-892615.hostingersite.com/public_html/wp-includes/class-walker-nav-menu.php on line 234
[30-Oct-2024 05:13:51 UTC] PHP Warning:  Undefined property: stdClass::$target in /home/u629237220/domains/forestgreen-dragonfly-892615.hostingersite.com/public_html/wp-includes/class-walker-nav-menu.php on line 218
[30-Oct-2024 05:13:51 UTC] PHP Warning:  Undefined property: stdClass::$xfn in /home/u629237220/domains/forestgreen-dragonfly-892615.hostingersite.com/public_html/wp-includes/class-walker-nav-menu.php on line 221
[30-Oct-2024 05:13:51 UTC] PHP Warning:  Undefined property: stdClass::$current in /home/u629237220/domains/forestgreen-dragonfly-892615.hostingersite.com/public_html/wp-includes/class-walker-nav-menu.php on line 234
[30-Oct-2024 05:13:58 UTC] PHP Warning:  Undefined property: stdClass::$target in /home/u629237220/domains/forestgreen-dragonfly-892615.hostingersite.com/public_html/wp-includes/class-walker-nav-menu.php on line 218
[30-Oct-2024 05:13:58 UTC] PHP Warning:  Undefined property: stdClass::$xfn in /home/u629237220/domains/forestgreen-dragonfly-892615.hostingersite.com/public_html/wp-includes/class-walker-nav-menu.php on line 221
[30-Oct-2024 05:13:58 UTC] PHP Warning:  Undefined property: stdClass::$current in /home/u629237220/domains/forestgreen-dragonfly-892615.hostingersite.com/public_html/wp-includes/class-walker-nav-menu.php on line 234
[30-Oct-2024 05:17:10 UTC] PHP Warning:  Undefined property: stdClass::$target in /home/u629237220/domains/forestgreen-dragonfly-892615.hostingersite.com/public_html/wp-includes/class-walker-nav-menu.php on line 218
[30-Oct-2024 05:17:10 UTC] PHP Warning:  Undefined property: stdClass::$xfn in /home/u629237220/domains/forestgreen-dragonfly-892615.hostingersite.com/public_html/wp-includes/class-walker-nav-menu.php on line 221
[30-Oct-2024 05:17:10 UTC] PHP Warning:  Undefined property: stdClass::$current in /home/u629237220/domains/forestgreen-dragonfly-892615.hostingersite.com/public_html/wp-includes/class-walker-nav-menu.php on line 234
[30-Oct-2024 05:21:26 UTC] PHP Warning:  Undefined property: stdClass::$target in /home/u629237220/domains/forestgreen-dragonfly-892615.hostingersite.com/public_html/wp-includes/class-walker-nav-menu.php on line 218
[30-Oct-2024 05:21:26 UTC] PHP Warning:  Undefined property: stdClass::$xfn in /home/u629237220/domains/forestgreen-dragonfly-892615.hostingersite.com/public_html/wp-includes/class-walker-nav-menu.php on line 221
[30-Oct-2024 05:21:26 UTC] PHP Warning:  Undefined property: stdClass::$current in /home/u629237220/domains/forestgreen-dragonfly-892615.hostingersite.com/public_html/wp-includes/class-walker-nav-menu.php on line 234
[30-Oct-2024 05:21:27 UTC] PHP Warning:  Undefined property: stdClass::$target in /home/u629237220/domains/forestgreen-dragonfly-892615.hostingersite.com/public_html/wp-includes/class-walker-nav-menu.php on line 218
[30-Oct-2024 05:21:27 UTC] PHP Warning:  Undefined property: stdClass::$xfn in /home/u629237220/domains/forestgreen-dragonfly-892615.hostingersite.com/public_html/wp-includes/class-walker-nav-menu.php on line 221
[30-Oct-2024 05:21:27 UTC] PHP Warning:  Undefined property: stdClass::$current in /home/u629237220/domains/forestgreen-dragonfly-892615.hostingersite.com/public_html/wp-includes/class-walker-nav-menu.php on line 234
[30-Oct-2024 05:25:30 UTC] User ID 2 registered and assigned 'app_admin' role.
[30-Oct-2024 05:25:30 UTC] Redirecting to: https://forestgreen-dragonfly-892615.hostingersite.com/admin-dashboard
[30-Oct-2024 05:25:30 UTC] PHP Warning:  Undefined property: stdClass::$target in /home/u629237220/domains/forestgreen-dragonfly-892615.hostingersite.com/public_html/wp-includes/class-walker-nav-menu.php on line 218
[30-Oct-2024 05:25:30 UTC] PHP Warning:  Undefined property: stdClass::$xfn in /home/u629237220/domains/forestgreen-dragonfly-892615.hostingersite.com/public_html/wp-includes/class-walker-nav-menu.php on line 221
[30-Oct-2024 05:25:30 UTC] PHP Warning:  Undefined property: stdClass::$current in /home/u629237220/domains/forestgreen-dragonfly-892615.hostingersite.com/public_html/wp-includes/class-walker-nav-menu.php on line 234
[30-Oct-2024 05:26:04 UTC] User ID 3 registered and assigned 'app_admin' role.
[30-Oct-2024 05:26:04 UTC] Redirecting to: https://forestgreen-dragonfly-892615.hostingersite.com/admin-dashboard
[30-Oct-2024 05:26:04 UTC] PHP Warning:  Undefined property: stdClass::$target in /home/u629237220/domains/forestgreen-dragonfly-892615.hostingersite.com/public_html/wp-includes/class-walker-nav-menu.php on line 218
[30-Oct-2024 05:26:04 UTC] PHP Warning:  Undefined property: stdClass::$xfn in /home/u629237220/domains/forestgreen-dragonfly-892615.hostingersite.com/public_html/wp-includes/class-walker-nav-menu.php on line 221
[30-Oct-2024 05:26:04 UTC] PHP Warning:  Undefined property: stdClass::$current in /home/u629237220/domains/forestgreen-dragonfly-892615.hostingersite.com/public_html/wp-includes/class-walker-nav-menu.php on line 234
[30-Oct-2024 05:45:05 UTC] PHP Warning:  Undefined property: stdClass::$target in /home/u629237220/domains/forestgreen-dragonfly-892615.hostingersite.com/public_html/wp-includes/class-walker-nav-menu.php on line 218
[30-Oct-2024 05:45:05 UTC] PHP Warning:  Undefined property: stdClass::$xfn in /home/u629237220/domains/forestgreen-dragonfly-892615.hostingersite.com/public_html/wp-includes/class-walker-nav-menu.php on line 221
[30-Oct-2024 05:45:05 UTC] PHP Warning:  Undefined property: stdClass::$current in /home/u629237220/domains/forestgreen-dragonfly-892615.hostingersite.com/public_html/wp-includes/class-walker-nav-menu.php on line 234
[30-Oct-2024 05:45:48 UTC] PHP Warning:  Undefined property: stdClass::$target in /home/u629237220/domains/forestgreen-dragonfly-892615.hostingersite.com/public_html/wp-includes/class-walker-nav-menu.php on line 218
[30-Oct-2024 05:45:48 UTC] PHP Warning:  Undefined property: stdClass::$xfn in /home/u629237220/domains/forestgreen-dragonfly-892615.hostingersite.com/public_html/wp-includes/class-walker-nav-menu.php on line 221
[30-Oct-2024 05:45:48 UTC] PHP Warning:  Undefined property: stdClass::$current in /home/u629237220/domains/forestgreen-dragonfly-892615.hostingersite.com/public_html/wp-includes/class-walker-nav-menu.php on line 234
[30-Oct-2024 06:10:53 UTC] PHP Warning:  Undefined property: stdClass::$target in /home/u629237220/domains/forestgreen-dragonfly-892615.hostingersite.com/public_html/wp-includes/class-walker-nav-menu.php on line 218
[30-Oct-2024 06:10:53 UTC] PHP Warning:  Undefined property: stdClass::$xfn in /home/u629237220/domains/forestgreen-dragonfly-892615.hostingersite.com/public_html/wp-includes/class-walker-nav-menu.php on line 221
[30-Oct-2024 06:10:53 UTC] PHP Warning:  Undefined property: stdClass::$current in /home/u629237220/domains/forestgreen-dragonfly-892615.hostingersite.com/public_html/wp-includes/class-walker-nav-menu.php on line 234
[30-Oct-2024 06:11:11 UTC] PHP Warning:  Undefined property: stdClass::$target in /home/u629237220/domains/forestgreen-dragonfly-892615.hostingersite.com/public_html/wp-includes/class-walker-nav-menu.php on line 218
[30-Oct-2024 06:11:11 UTC] PHP Warning:  Undefined property: stdClass::$xfn in /home/u629237220/domains/forestgreen-dragonfly-892615.hostingersite.com/public_html/wp-includes/class-walker-nav-menu.php on line 221
[30-Oct-2024 06:11:11 UTC] PHP Warning:  Undefined property: stdClass::$current in /home/u629237220/domains/forestgreen-dragonfly-892615.hostingersite.com/public_html/wp-includes/class-walker-nav-menu.php on line 234
[30-Oct-2024 06:11:25 UTC] PHP Warning:  Undefined property: stdClass::$target in /home/u629237220/domains/forestgreen-dragonfly-892615.hostingersite.com/public_html/wp-includes/class-walker-nav-menu.php on line 218
[30-Oct-2024 06:11:25 UTC] PHP Warning:  Undefined property: stdClass::$xfn in /home/u629237220/domains/forestgreen-dragonfly-892615.hostingersite.com/public_html/wp-includes/class-walker-nav-menu.php on line 221
[30-Oct-2024 06:11:25 UTC] PHP Warning:  Undefined property: stdClass::$current in /home/u629237220/domains/forestgreen-dragonfly-892615.hostingersite.com/public_html/wp-includes/class-walker-nav-menu.php on line 234
[30-Oct-2024 06:11:34 UTC] PHP Warning:  Undefined property: stdClass::$target in /home/u629237220/domains/forestgreen-dragonfly-892615.hostingersite.com/public_html/wp-includes/class-walker-nav-menu.php on line 218
[30-Oct-2024 06:11:34 UTC] PHP Warning:  Undefined property: stdClass::$xfn in /home/u629237220/domains/forestgreen-dragonfly-892615.hostingersite.com/public_html/wp-includes/class-walker-nav-menu.php on line 221
[30-Oct-2024 06:11:34 UTC] PHP Warning:  Undefined property: stdClass::$current in /home/u629237220/domains/forestgreen-dragonfly-892615.hostingersite.com/public_html/wp-includes/class-walker-nav-menu.php on line 234
[30-Oct-2024 06:11:39 UTC] PHP Warning:  Undefined property: stdClass::$target in /home/u629237220/domains/forestgreen-dragonfly-892615.hostingersite.com/public_html/wp-includes/class-walker-nav-menu.php on line 218
[30-Oct-2024 06:11:39 UTC] PHP Warning:  Undefined property: stdClass::$xfn in /home/u629237220/domains/forestgreen-dragonfly-892615.hostingersite.com/public_html/wp-includes/class-walker-nav-menu.php on line 221
[30-Oct-2024 06:11:39 UTC] PHP Warning:  Undefined property: stdClass::$current in /home/u629237220/domains/forestgreen-dragonfly-892615.hostingersite.com/public_html/wp-includes/class-walker-nav-menu.php on line 234
[30-Oct-2024 06:11:50 UTC] PHP Fatal error:  Cannot redeclare ad_admin_dashboard_shortcode() (previously declared in /home/u629237220/domains/forestgreen-dragonfly-892615.hostingersite.com/public_html/wp-content/plugins/admin-dashboard/includes/dashboard.php:5) in /home/u629237220/domains/forestgreen-dragonfly-892615.hostingersite.com/public_html/wp-content/plugins/admin-dashboard/includes/dashboard.php on line 32
[30-Oct-2024 06:14:40 UTC] PHP Warning:  Undefined property: stdClass::$target in /home/u629237220/domains/forestgreen-dragonfly-892615.hostingersite.com/public_html/wp-includes/class-walker-nav-menu.php on line 218
[30-Oct-2024 06:14:40 UTC] PHP Warning:  Undefined property: stdClass::$xfn in /home/u629237220/domains/forestgreen-dragonfly-892615.hostingersite.com/public_html/wp-includes/class-walker-nav-menu.php on line 221
[30-Oct-2024 06:14:40 UTC] PHP Warning:  Undefined property: stdClass::$current in /home/u629237220/domains/forestgreen-dragonfly-892615.hostingersite.com/public_html/wp-includes/class-walker-nav-menu.php on line 234
[30-Oct-2024 06:15:12 UTC] PHP Warning:  Undefined property: stdClass::$target in /home/u629237220/domains/forestgreen-dragonfly-892615.hostingersite.com/public_html/wp-includes/class-walker-nav-menu.php on line 218
[30-Oct-2024 06:15:12 UTC] PHP Warning:  Undefined property: stdClass::$xfn in /home/u629237220/domains/forestgreen-dragonfly-892615.hostingersite.com/public_html/wp-includes/class-walker-nav-menu.php on line 221
[30-Oct-2024 06:15:12 UTC] PHP Warning:  Undefined property: stdClass::$current in /home/u629237220/domains/forestgreen-dragonfly-892615.hostingersite.com/public_html/wp-includes/class-walker-nav-menu.php on line 234
[30-Oct-2024 06:18:30 UTC] PHP Warning:  include_once(/home/u629237220/domains/forestgreen-dragonfly-892615.hostingersite.com/public_html/wp-content/plugins/custom-auth/includes/dashboard.php): Failed to open stream: No such file or directory in /home/u629237220/domains/forestgreen-dragonfly-892615.hostingersite.com/public_html/wp-content/plugins/custom-auth/custom-auth.php on line 19
[30-Oct-2024 06:18:30 UTC] PHP Warning:  include_once(): Failed opening '/home/u629237220/domains/forestgreen-dragonfly-892615.hostingersite.com/public_html/wp-content/plugins/custom-auth/includes/dashboard.php' for inclusion (include_path='.:/opt/alt/php82/usr/share/pear:/opt/alt/php82/usr/share/php:/usr/share/pear:/usr/share/php') in /home/u629237220/domains/forestgreen-dragonfly-892615.hostingersite.com/public_html/wp-content/plugins/custom-auth/custom-auth.php on line 19
[30-Oct-2024 06:18:31 UTC] PHP Warning:  include_once(/home/u629237220/domains/forestgreen-dragonfly-892615.hostingersite.com/public_html/wp-content/plugins/custom-auth/includes/dashboard.php): Failed to open stream: No such file or directory in /home/u629237220/domains/forestgreen-dragonfly-892615.hostingersite.com/public_html/wp-content/plugins/custom-auth/custom-auth.php on line 19
[30-Oct-2024 06:18:31 UTC] PHP Warning:  include_once(): Failed opening '/home/u629237220/domains/forestgreen-dragonfly-892615.hostingersite.com/public_html/wp-content/plugins/custom-auth/includes/dashboard.php' for inclusion (include_path='.:/opt/alt/php82/usr/share/pear:/opt/alt/php82/usr/share/php:/usr/share/pear:/usr/share/php') in /home/u629237220/domains/forestgreen-dragonfly-892615.hostingersite.com/public_html/wp-content/plugins/custom-auth/custom-auth.php on line 19
[30-Oct-2024 06:18:31 UTC] PHP Warning:  include_once(/home/u629237220/domains/forestgreen-dragonfly-892615.hostingersite.com/public_html/wp-content/plugins/custom-auth/includes/dashboard.php): Failed to open stream: No such file or directory in /home/u629237220/domains/forestgreen-dragonfly-892615.hostingersite.com/public_html/wp-content/plugins/custom-auth/custom-auth.php on line 19
[30-Oct-2024 06:18:31 UTC] PHP Warning:  include_once(): Failed opening '/home/u629237220/domains/forestgreen-dragonfly-892615.hostingersite.com/public_html/wp-content/plugins/custom-auth/includes/dashboard.php' for inclusion (include_path='.:/opt/alt/php82/usr/share/pear:/opt/alt/php82/usr/share/php:/usr/share/pear:/usr/share/php') in /home/u629237220/domains/forestgreen-dragonfly-892615.hostingersite.com/public_html/wp-content/plugins/custom-auth/custom-auth.php on line 19
[30-Oct-2024 06:21:16 UTC] PHP Warning:  Undefined property: stdClass::$target in /home/u629237220/domains/forestgreen-dragonfly-892615.hostingersite.com/public_html/wp-includes/class-walker-nav-menu.php on line 218
[30-Oct-2024 06:21:16 UTC] PHP Warning:  Undefined property: stdClass::$xfn in /home/u629237220/domains/forestgreen-dragonfly-892615.hostingersite.com/public_html/wp-includes/class-walker-nav-menu.php on line 221
[30-Oct-2024 06:21:16 UTC] PHP Warning:  Undefined property: stdClass::$current in /home/u629237220/domains/forestgreen-dragonfly-892615.hostingersite.com/public_html/wp-includes/class-walker-nav-menu.php on line 234
[30-Oct-2024 06:21:37 UTC] PHP Warning:  Undefined property: stdClass::$target in /home/u629237220/domains/forestgreen-dragonfly-892615.hostingersite.com/public_html/wp-includes/class-walker-nav-menu.php on line 218
[30-Oct-2024 06:21:37 UTC] PHP Warning:  Undefined property: stdClass::$xfn in /home/u629237220/domains/forestgreen-dragonfly-892615.hostingersite.com/public_html/wp-includes/class-walker-nav-menu.php on line 221
[30-Oct-2024 06:21:37 UTC] PHP Warning:  Undefined property: stdClass::$current in /home/u629237220/domains/forestgreen-dragonfly-892615.hostingersite.com/public_html/wp-includes/class-walker-nav-menu.php on line 234
[30-Oct-2024 06:22:02 UTC] PHP Warning:  Undefined property: stdClass::$target in /home/u629237220/domains/forestgreen-dragonfly-892615.hostingersite.com/public_html/wp-includes/class-walker-nav-menu.php on line 218
[30-Oct-2024 06:22:02 UTC] PHP Warning:  Undefined property: stdClass::$xfn in /home/u629237220/domains/forestgreen-dragonfly-892615.hostingersite.com/public_html/wp-includes/class-walker-nav-menu.php on line 221
[30-Oct-2024 06:22:02 UTC] PHP Warning:  Undefined property: stdClass::$current in /home/u629237220/domains/forestgreen-dragonfly-892615.hostingersite.com/public_html/wp-includes/class-walker-nav-menu.php on line 234
[30-Oct-2024 06:23:45 UTC] PHP Warning:  Undefined property: stdClass::$target in /home/u629237220/domains/forestgreen-dragonfly-892615.hostingersite.com/public_html/wp-includes/class-walker-nav-menu.php on line 218
[30-Oct-2024 06:23:45 UTC] PHP Warning:  Undefined property: stdClass::$xfn in /home/u629237220/domains/forestgreen-dragonfly-892615.hostingersite.com/public_html/wp-includes/class-walker-nav-menu.php on line 221
[30-Oct-2024 06:23:45 UTC] PHP Warning:  Undefined property: stdClass::$current in /home/u629237220/domains/forestgreen-dragonfly-892615.hostingersite.com/public_html/wp-includes/class-walker-nav-menu.php on line 234
[30-Oct-2024 06:23:48 UTC] PHP Warning:  Undefined property: stdClass::$target in /home/u629237220/domains/forestgreen-dragonfly-892615.hostingersite.com/public_html/wp-includes/class-walker-nav-menu.php on line 218
[30-Oct-2024 06:23:48 UTC] PHP Warning:  Undefined property: stdClass::$xfn in /home/u629237220/domains/forestgreen-dragonfly-892615.hostingersite.com/public_html/wp-includes/class-walker-nav-menu.php on line 221
[30-Oct-2024 06:23:48 UTC] PHP Warning:  Undefined property: stdClass::$current in /home/u629237220/domains/forestgreen-dragonfly-892615.hostingersite.com/public_html/wp-includes/class-walker-nav-menu.php on line 234
[30-Oct-2024 06:23:52 UTC] PHP Warning:  Undefined property: stdClass::$target in /home/u629237220/domains/forestgreen-dragonfly-892615.hostingersite.com/public_html/wp-includes/class-walker-nav-menu.php on line 218
[30-Oct-2024 06:23:52 UTC] PHP Warning:  Undefined property: stdClass::$xfn in /home/u629237220/domains/forestgreen-dragonfly-892615.hostingersite.com/public_html/wp-includes/class-walker-nav-menu.php on line 221
[30-Oct-2024 06:23:52 UTC] PHP Warning:  Undefined property: stdClass::$current in /home/u629237220/domains/forestgreen-dragonfly-892615.hostingersite.com/public_html/wp-includes/class-walker-nav-menu.php on line 234
[30-Oct-2024 07:24:17 UTC] WordPress database error Table 'u629237220_Shcl5.wp_admin1_macroSettings' doesn't exist for query SELECT * FROM wp_admin1_macroSettings made by require('wp-blog-header.php'), wp, WP->main, WP->parse_request, do_action_ref_array('parse_request'), WP_Hook->do_action, WP_Hook->apply_filters, rest_api_loaded, WP_REST_Server->serve_request, WP_REST_Server->dispatch, WP_REST_Server->respond_to_request, WP_REST_Posts_Controller->update_item, WP_REST_Posts_Controller->prepare_item_for_response, apply_filters('the_content'), WP_Hook->apply_filters, do_shortcode, preg_replace_callback, do_shortcode_tag, ad_macro_settings_shortcode
[30-Oct-2024 07:24:17 UTC] WordPress database error Table 'u629237220_Shcl5.wp_admin1_macroSettings' doesn't exist for query SELECT * FROM wp_admin1_macroSettings made by require('wp-admin/edit-form-blocks.php'), block_editor_rest_api_preload, array_reduce, rest_preload_api_request, rest_do_request, WP_REST_Server->dispatch, WP_REST_Server->respond_to_request, WP_REST_Posts_Controller->get_item, WP_REST_Posts_Controller->prepare_item_for_response, apply_filters('the_content'), WP_Hook->apply_filters, do_shortcode, preg_replace_callback, do_shortcode_tag, ad_macro_settings_shortcode
[30-Oct-2024 07:24:39 UTC] PHP Warning:  Undefined property: stdClass::$target in /home/u629237220/domains/forestgreen-dragonfly-892615.hostingersite.com/public_html/wp-includes/class-walker-nav-menu.php on line 218
[30-Oct-2024 07:24:39 UTC] PHP Warning:  Undefined property: stdClass::$xfn in /home/u629237220/domains/forestgreen-dragonfly-892615.hostingersite.com/public_html/wp-includes/class-walker-nav-menu.php on line 221
[30-Oct-2024 07:24:39 UTC] PHP Warning:  Undefined property: stdClass::$current in /home/u629237220/domains/forestgreen-dragonfly-892615.hostingersite.com/public_html/wp-includes/class-walker-nav-menu.php on line 234
[30-Oct-2024 07:24:46 UTC] WordPress database error Table 'u629237220_Shcl5.wp_admin1_macroSettings' doesn't exist for query SELECT * FROM wp_admin1_macroSettings made by require('wp-blog-header.php'), wp, WP->main, WP->parse_request, do_action_ref_array('parse_request'), WP_Hook->do_action, WP_Hook->apply_filters, rest_api_loaded, WP_REST_Server->serve_request, WP_REST_Server->dispatch, WP_REST_Server->respond_to_request, WP_REST_Autosaves_Controller->create_item, WP_REST_Autosaves_Controller->prepare_item_for_response, WP_REST_Revisions_Controller->prepare_item_for_response, apply_filters('the_content'), WP_Hook->apply_filters, do_shortcode, preg_replace_callback, do_shortcode_tag, ad_macro_settings_shortcode
[30-Oct-2024 07:24:53 UTC] WordPress database error Table 'u629237220_Shcl5.wp_admin1_macroSettings' doesn't exist for query SELECT * FROM wp_admin1_macroSettings made by require('wp-blog-header.php'), wp, WP->main, WP->parse_request, do_action_ref_array('parse_request'), WP_Hook->do_action, WP_Hook->apply_filters, rest_api_loaded, WP_REST_Server->serve_request, WP_REST_Server->dispatch, WP_REST_Server->respond_to_request, WP_REST_Posts_Controller->update_item, WP_REST_Posts_Controller->prepare_item_for_response, apply_filters('the_content'), WP_Hook->apply_filters, do_shortcode, preg_replace_callback, do_shortcode_tag, ad_macro_settings_shortcode
[30-Oct-2024 07:24:53 UTC] WordPress database error Table 'u629237220_Shcl5.wp_admin1_macroSettings' doesn't exist for query SELECT * FROM wp_admin1_macroSettings made by require('wp-admin/edit-form-blocks.php'), block_editor_rest_api_preload, array_reduce, rest_preload_api_request, rest_do_request, WP_REST_Server->dispatch, WP_REST_Server->respond_to_request, WP_REST_Posts_Controller->get_item, WP_REST_Posts_Controller->prepare_item_for_response, apply_filters('the_content'), WP_Hook->apply_filters, do_shortcode, preg_replace_callback, do_shortcode_tag, ad_macro_settings_shortcode
[30-Oct-2024 07:24:53 UTC] WordPress database error Table 'u629237220_Shcl5.wp_admin1_macroSettings' doesn't exist for query SELECT * FROM wp_admin1_macroSettings made by require('wp-admin/edit-form-blocks.php'), block_editor_rest_api_preload, array_reduce, rest_preload_api_request, rest_do_request, WP_REST_Server->dispatch, WP_REST_Server->respond_to_request, WP_REST_Autosaves_Controller->get_items, WP_REST_Autosaves_Controller->prepare_item_for_response, WP_REST_Revisions_Controller->prepare_item_for_response, apply_filters('the_content'), WP_Hook->apply_filters, do_shortcode, preg_replace_callback, do_shortcode_tag, ad_macro_settings_shortcode
[30-Oct-2024 07:31:02 UTC] PHP Warning:  Undefined property: stdClass::$target in /home/u629237220/domains/forestgreen-dragonfly-892615.hostingersite.com/public_html/wp-includes/class-walker-nav-menu.php on line 218
[30-Oct-2024 07:31:02 UTC] PHP Warning:  Undefined property: stdClass::$xfn in /home/u629237220/domains/forestgreen-dragonfly-892615.hostingersite.com/public_html/wp-includes/class-walker-nav-menu.php on line 221
[30-Oct-2024 07:31:02 UTC] PHP Warning:  Undefined property: stdClass::$current in /home/u629237220/domains/forestgreen-dragonfly-892615.hostingersite.com/public_html/wp-includes/class-walker-nav-menu.php on line 234
[30-Oct-2024 07:31:02 UTC] PHP Warning:  Undefined property: stdClass::$target in /home/u629237220/domains/forestgreen-dragonfly-892615.hostingersite.com/public_html/wp-includes/class-walker-nav-menu.php on line 218
[30-Oct-2024 07:31:02 UTC] PHP Warning:  Undefined property: stdClass::$xfn in /home/u629237220/domains/forestgreen-dragonfly-892615.hostingersite.com/public_html/wp-includes/class-walker-nav-menu.php on line 221
[30-Oct-2024 07:31:02 UTC] PHP Warning:  Undefined property: stdClass::$current in /home/u629237220/domains/forestgreen-dragonfly-892615.hostingersite.com/public_html/wp-includes/class-walker-nav-menu.php on line 234
[30-Oct-2024 07:31:11 UTC] PHP Warning:  Undefined property: stdClass::$target in /home/u629237220/domains/forestgreen-dragonfly-892615.hostingersite.com/public_html/wp-includes/class-walker-nav-menu.php on line 218
[30-Oct-2024 07:31:11 UTC] PHP Warning:  Undefined property: stdClass::$xfn in /home/u629237220/domains/forestgreen-dragonfly-892615.hostingersite.com/public_html/wp-includes/class-walker-nav-menu.php on line 221
[30-Oct-2024 07:31:11 UTC] PHP Warning:  Undefined property: stdClass::$current in /home/u629237220/domains/forestgreen-dragonfly-892615.hostingersite.com/public_html/wp-includes/class-walker-nav-menu.php on line 234
[30-Oct-2024 07:31:11 UTC] PHP Warning:  Undefined property: stdClass::$target in /home/u629237220/domains/forestgreen-dragonfly-892615.hostingersite.com/public_html/wp-includes/class-walker-nav-menu.php on line 218
[30-Oct-2024 07:31:11 UTC] PHP Warning:  Undefined property: stdClass::$xfn in /home/u629237220/domains/forestgreen-dragonfly-892615.hostingersite.com/public_html/wp-includes/class-walker-nav-menu.php on line 221
[30-Oct-2024 07:31:11 UTC] PHP Warning:  Undefined property: stdClass::$current in /home/u629237220/domains/forestgreen-dragonfly-892615.hostingersite.com/public_html/wp-includes/class-walker-nav-menu.php on line 234
[30-Oct-2024 07:31:18 UTC] PHP Warning:  Undefined property: stdClass::$target in /home/u629237220/domains/forestgreen-dragonfly-892615.hostingersite.com/public_html/wp-includes/class-walker-nav-menu.php on line 218
[30-Oct-2024 07:31:18 UTC] PHP Warning:  Undefined property: stdClass::$xfn in /home/u629237220/domains/forestgreen-dragonfly-892615.hostingersite.com/public_html/wp-includes/class-walker-nav-menu.php on line 221
[30-Oct-2024 07:31:18 UTC] PHP Warning:  Undefined property: stdClass::$current in /home/u629237220/domains/forestgreen-dragonfly-892615.hostingersite.com/public_html/wp-includes/class-walker-nav-menu.php on line 234
[30-Oct-2024 07:31:18 UTC] PHP Warning:  Undefined property: stdClass::$target in /home/u629237220/domains/forestgreen-dragonfly-892615.hostingersite.com/public_html/wp-includes/class-walker-nav-menu.php on line 218
[30-Oct-2024 07:31:18 UTC] PHP Warning:  Undefined property: stdClass::$xfn in /home/u629237220/domains/forestgreen-dragonfly-892615.hostingersite.com/public_html/wp-includes/class-walker-nav-menu.php on line 221
[30-Oct-2024 07:31:18 UTC] PHP Warning:  Undefined property: stdClass::$current in /home/u629237220/domains/forestgreen-dragonfly-892615.hostingersite.com/public_html/wp-includes/class-walker-nav-menu.php on line 234
[30-Oct-2024 07:32:38 UTC] PHP Warning:  Undefined property: stdClass::$target in /home/u629237220/domains/forestgreen-dragonfly-892615.hostingersite.com/public_html/wp-includes/class-walker-nav-menu.php on line 218
[30-Oct-2024 07:32:38 UTC] PHP Warning:  Undefined property: stdClass::$xfn in /home/u629237220/domains/forestgreen-dragonfly-892615.hostingersite.com/public_html/wp-includes/class-walker-nav-menu.php on line 221
[30-Oct-2024 07:32:38 UTC] PHP Warning:  Undefined property: stdClass::$current in /home/u629237220/domains/forestgreen-dragonfly-892615.hostingersite.com/public_html/wp-includes/class-walker-nav-menu.php on line 234
[30-Oct-2024 07:36:37 UTC] PHP Warning:  Undefined property: stdClass::$target in /home/u629237220/domains/forestgreen-dragonfly-892615.hostingersite.com/public_html/wp-includes/class-walker-nav-menu.php on line 218
[30-Oct-2024 07:36:37 UTC] PHP Warning:  Undefined property: stdClass::$xfn in /home/u629237220/domains/forestgreen-dragonfly-892615.hostingersite.com/public_html/wp-includes/class-walker-nav-menu.php on line 221
[30-Oct-2024 07:36:37 UTC] PHP Warning:  Undefined property: stdClass::$current in /home/u629237220/domains/forestgreen-dragonfly-892615.hostingersite.com/public_html/wp-includes/class-walker-nav-menu.php on line 234
[30-Oct-2024 07:43:47 UTC] PHP Warning:  Undefined property: stdClass::$target in /home/u629237220/domains/forestgreen-dragonfly-892615.hostingersite.com/public_html/wp-includes/class-walker-nav-menu.php on line 218
[30-Oct-2024 07:43:47 UTC] PHP Warning:  Undefined property: stdClass::$xfn in /home/u629237220/domains/forestgreen-dragonfly-892615.hostingersite.com/public_html/wp-includes/class-walker-nav-menu.php on line 221
[30-Oct-2024 07:43:47 UTC] PHP Warning:  Undefined property: stdClass::$current in /home/u629237220/domains/forestgreen-dragonfly-892615.hostingersite.com/public_html/wp-includes/class-walker-nav-menu.php on line 234
[30-Oct-2024 07:44:12 UTC] PHP Warning:  Undefined property: stdClass::$target in /home/u629237220/domains/forestgreen-dragonfly-892615.hostingersite.com/public_html/wp-includes/class-walker-nav-menu.php on line 218
[30-Oct-2024 07:44:12 UTC] PHP Warning:  Undefined property: stdClass::$xfn in /home/u629237220/domains/forestgreen-dragonfly-892615.hostingersite.com/public_html/wp-includes/class-walker-nav-menu.php on line 221
[30-Oct-2024 07:44:12 UTC] PHP Warning:  Undefined property: stdClass::$current in /home/u629237220/domains/forestgreen-dragonfly-892615.hostingersite.com/public_html/wp-includes/class-walker-nav-menu.php on line 234
[30-Oct-2024 07:44:15 UTC] PHP Warning:  Undefined property: stdClass::$target in /home/u629237220/domains/forestgreen-dragonfly-892615.hostingersite.com/public_html/wp-includes/class-walker-nav-menu.php on line 218
[30-Oct-2024 07:44:15 UTC] PHP Warning:  Undefined property: stdClass::$xfn in /home/u629237220/domains/forestgreen-dragonfly-892615.hostingersite.com/public_html/wp-includes/class-walker-nav-menu.php on line 221
[30-Oct-2024 07:44:15 UTC] PHP Warning:  Undefined property: stdClass::$current in /home/u629237220/domains/forestgreen-dragonfly-892615.hostingersite.com/public_html/wp-includes/class-walker-nav-menu.php on line 234
[30-Oct-2024 07:44:31 UTC] PHP Warning:  Undefined property: stdClass::$target in /home/u629237220/domains/forestgreen-dragonfly-892615.hostingersite.com/public_html/wp-includes/class-walker-nav-menu.php on line 218
[30-Oct-2024 07:44:31 UTC] PHP Warning:  Undefined property: stdClass::$xfn in /home/u629237220/domains/forestgreen-dragonfly-892615.hostingersite.com/public_html/wp-includes/class-walker-nav-menu.php on line 221
[30-Oct-2024 07:44:31 UTC] PHP Warning:  Undefined property: stdClass::$current in /home/u629237220/domains/forestgreen-dragonfly-892615.hostingersite.com/public_html/wp-includes/class-walker-nav-menu.php on line 234
[30-Oct-2024 07:44:47 UTC] PHP Warning:  Undefined property: stdClass::$target in /home/u629237220/domains/forestgreen-dragonfly-892615.hostingersite.com/public_html/wp-includes/class-walker-nav-menu.php on line 218
[30-Oct-2024 07:44:47 UTC] PHP Warning:  Undefined property: stdClass::$xfn in /home/u629237220/domains/forestgreen-dragonfly-892615.hostingersite.com/public_html/wp-includes/class-walker-nav-menu.php on line 221
[30-Oct-2024 07:44:47 UTC] PHP Warning:  Undefined property: stdClass::$current in /home/u629237220/domains/forestgreen-dragonfly-892615.hostingersite.com/public_html/wp-includes/class-walker-nav-menu.php on line 234
[30-Oct-2024 07:45:47 UTC] PHP Warning:  Undefined property: stdClass::$target in /home/u629237220/domains/forestgreen-dragonfly-892615.hostingersite.com/public_html/wp-includes/class-walker-nav-menu.php on line 218
[30-Oct-2024 07:45:47 UTC] PHP Warning:  Undefined property: stdClass::$xfn in /home/u629237220/domains/forestgreen-dragonfly-892615.hostingersite.com/public_html/wp-includes/class-walker-nav-menu.php on line 221
[30-Oct-2024 07:45:47 UTC] PHP Warning:  Undefined property: stdClass::$current in /home/u629237220/domains/forestgreen-dragonfly-892615.hostingersite.com/public_html/wp-includes/class-walker-nav-menu.php on line 234
[30-Oct-2024 07:46:52 UTC] PHP Warning:  Undefined property: stdClass::$target in /home/u629237220/domains/forestgreen-dragonfly-892615.hostingersite.com/public_html/wp-includes/class-walker-nav-menu.php on line 218
[30-Oct-2024 07:46:52 UTC] PHP Warning:  Undefined property: stdClass::$xfn in /home/u629237220/domains/forestgreen-dragonfly-892615.hostingersite.com/public_html/wp-includes/class-walker-nav-menu.php on line 221
[30-Oct-2024 07:46:52 UTC] PHP Warning:  Undefined property: stdClass::$current in /home/u629237220/domains/forestgreen-dragonfly-892615.hostingersite.com/public_html/wp-includes/class-walker-nav-menu.php on line 234
[30-Oct-2024 07:47:17 UTC] PHP Warning:  Undefined property: stdClass::$target in /home/u629237220/domains/forestgreen-dragonfly-892615.hostingersite.com/public_html/wp-includes/class-walker-nav-menu.php on line 218
[30-Oct-2024 07:47:17 UTC] PHP Warning:  Undefined property: stdClass::$xfn in /home/u629237220/domains/forestgreen-dragonfly-892615.hostingersite.com/public_html/wp-includes/class-walker-nav-menu.php on line 221
[30-Oct-2024 07:47:17 UTC] PHP Warning:  Undefined property: stdClass::$current in /home/u629237220/domains/forestgreen-dragonfly-892615.hostingersite.com/public_html/wp-includes/class-walker-nav-menu.php on line 234
[30-Oct-2024 07:47:49 UTC] PHP Warning:  Undefined property: stdClass::$target in /home/u629237220/domains/forestgreen-dragonfly-892615.hostingersite.com/public_html/wp-includes/class-walker-nav-menu.php on line 218
[30-Oct-2024 07:47:49 UTC] PHP Warning:  Undefined property: stdClass::$xfn in /home/u629237220/domains/forestgreen-dragonfly-892615.hostingersite.com/public_html/wp-includes/class-walker-nav-menu.php on line 221
[30-Oct-2024 07:47:49 UTC] PHP Warning:  Undefined property: stdClass::$current in /home/u629237220/domains/forestgreen-dragonfly-892615.hostingersite.com/public_html/wp-includes/class-walker-nav-menu.php on line 234
[31-Oct-2024 04:12:40 UTC] PHP Warning:  Undefined property: WP_Error::$roles in /home/u629237220/domains/forestgreen-dragonfly-892615.hostingersite.com/public_html/wp-content/plugins/custom-auth/custom-auth.php on line 133
[31-Oct-2024 04:12:41 UTC] PHP Warning:  Undefined property: WP_Error::$roles in /home/u629237220/domains/forestgreen-dragonfly-892615.hostingersite.com/public_html/wp-content/plugins/custom-auth/custom-auth.php on line 133
[31-Oct-2024 07:25:41 UTC] PHP Warning:  Undefined property: stdClass::$target in /home/u629237220/domains/forestgreen-dragonfly-892615.hostingersite.com/public_html/wp-includes/class-walker-nav-menu.php on line 218
[31-Oct-2024 07:25:41 UTC] PHP Warning:  Undefined property: stdClass::$xfn in /home/u629237220/domains/forestgreen-dragonfly-892615.hostingersite.com/public_html/wp-includes/class-walker-nav-menu.php on line 221
[31-Oct-2024 07:25:41 UTC] PHP Warning:  Undefined property: stdClass::$current in /home/u629237220/domains/forestgreen-dragonfly-892615.hostingersite.com/public_html/wp-includes/class-walker-nav-menu.php on line 234
[31-Oct-2024 07:26:06 UTC] PHP Warning:  Undefined property: stdClass::$target in /home/u629237220/domains/forestgreen-dragonfly-892615.hostingersite.com/public_html/wp-includes/class-walker-nav-menu.php on line 218
[31-Oct-2024 07:26:06 UTC] PHP Warning:  Undefined property: stdClass::$xfn in /home/u629237220/domains/forestgreen-dragonfly-892615.hostingersite.com/public_html/wp-includes/class-walker-nav-menu.php on line 221
[31-Oct-2024 07:26:06 UTC] PHP Warning:  Undefined property: stdClass::$current in /home/u629237220/domains/forestgreen-dragonfly-892615.hostingersite.com/public_html/wp-includes/class-walker-nav-menu.php on line 234
[31-Oct-2024 07:26:08 UTC] PHP Warning:  Undefined property: stdClass::$target in /home/u629237220/domains/forestgreen-dragonfly-892615.hostingersite.com/public_html/wp-includes/class-walker-nav-menu.php on line 218
[31-Oct-2024 07:26:08 UTC] PHP Warning:  Undefined property: stdClass::$xfn in /home/u629237220/domains/forestgreen-dragonfly-892615.hostingersite.com/public_html/wp-includes/class-walker-nav-menu.php on line 221
[31-Oct-2024 07:26:08 UTC] PHP Warning:  Undefined property: stdClass::$current in /home/u629237220/domains/forestgreen-dragonfly-892615.hostingersite.com/public_html/wp-includes/class-walker-nav-menu.php on line 234
[31-Oct-2024 07:27:37 UTC] PHP Warning:  Undefined property: stdClass::$target in /home/u629237220/domains/forestgreen-dragonfly-892615.hostingersite.com/public_html/wp-includes/class-walker-nav-menu.php on line 218
[31-Oct-2024 07:27:37 UTC] PHP Warning:  Undefined property: stdClass::$xfn in /home/u629237220/domains/forestgreen-dragonfly-892615.hostingersite.com/public_html/wp-includes/class-walker-nav-menu.php on line 221
[31-Oct-2024 07:27:37 UTC] PHP Warning:  Undefined property: stdClass::$current in /home/u629237220/domains/forestgreen-dragonfly-892615.hostingersite.com/public_html/wp-includes/class-walker-nav-menu.php on line 234
[31-Oct-2024 07:28:31 UTC] PHP Warning:  Undefined property: stdClass::$target in /home/u629237220/domains/forestgreen-dragonfly-892615.hostingersite.com/public_html/wp-includes/class-walker-nav-menu.php on line 218
[31-Oct-2024 07:28:31 UTC] PHP Warning:  Undefined property: stdClass::$xfn in /home/u629237220/domains/forestgreen-dragonfly-892615.hostingersite.com/public_html/wp-includes/class-walker-nav-menu.php on line 221
[31-Oct-2024 07:28:31 UTC] PHP Warning:  Undefined property: stdClass::$current in /home/u629237220/domains/forestgreen-dragonfly-892615.hostingersite.com/public_html/wp-includes/class-walker-nav-menu.php on line 234
[31-Oct-2024 07:28:40 UTC] PHP Warning:  Undefined property: stdClass::$target in /home/u629237220/domains/forestgreen-dragonfly-892615.hostingersite.com/public_html/wp-includes/class-walker-nav-menu.php on line 218
[31-Oct-2024 07:28:40 UTC] PHP Warning:  Undefined property: stdClass::$xfn in /home/u629237220/domains/forestgreen-dragonfly-892615.hostingersite.com/public_html/wp-includes/class-walker-nav-menu.php on line 221
[31-Oct-2024 07:28:40 UTC] PHP Warning:  Undefined property: stdClass::$current in /home/u629237220/domains/forestgreen-dragonfly-892615.hostingersite.com/public_html/wp-includes/class-walker-nav-menu.php on line 234
[31-Oct-2024 07:28:41 UTC] PHP Warning:  Undefined property: stdClass::$target in /home/u629237220/domains/forestgreen-dragonfly-892615.hostingersite.com/public_html/wp-includes/class-walker-nav-menu.php on line 218
[31-Oct-2024 07:28:41 UTC] PHP Warning:  Undefined property: stdClass::$xfn in /home/u629237220/domains/forestgreen-dragonfly-892615.hostingersite.com/public_html/wp-includes/class-walker-nav-menu.php on line 221
[31-Oct-2024 07:28:41 UTC] PHP Warning:  Undefined property: stdClass::$current in /home/u629237220/domains/forestgreen-dragonfly-892615.hostingersite.com/public_html/wp-includes/class-walker-nav-menu.php on line 234
